<?xml version="1.0" encoding="UTF-8"?>
<!-- Generated by org.testng.reporters.JUnitReportReporter -->
<testsuite hostname="LENOVO-IDEALPAD-3" failures="0" tests="1" name="com.mavenproject.REST_ASSURED.Basic_Method" time="2.415" errors="0" timestamp="2022-10-16T12:28:21 IST" skipped="0">
  <testcase classname="com.mavenproject.REST_ASSURED.Basic_Method" name="deleteMethod" time="2.415"/>
  <system-out/>
</testsuite> <!-- com.mavenproject.REST_ASSURED.Basic_Method -->
